<?xml version="1.0" encoding="UTF-8"?>
<!-- Generated by org.testng.reporters.JUnitXMLReporter -->
<testsuite ignored="0" hostname="DESKTOP-52GUJ27" failures="0" tests="1" name="Test1" time="110.592" errors="0" timestamp="2022-06-21T07:33:26 IST">
  <testcase classname="kiteWithTestClassNG.KiteTestCrossBrowser" name="@BeforeClass LaunchedBrowser1" time="110.526">
    <failure type="org.openqa.selenium.SessionNotCreatedException" message="Could not start a new session. Response code 500. Message: Failed to read marionette port
Build info: version: &amp;apos;4.1.3&amp;apos;, revision: &amp;apos;7b1ebf28ef&amp;apos;
System info: host: &amp;apos;DESKTOP-52GUJ27&amp;apos;, ip: &amp;apos;192.168.7.58&amp;apos;, os.name: &amp;apos;Windows 10&amp;apos;, os.arch: &amp;apos;amd64&amp;apos;, os.version: &amp;apos;10.0&amp;apos;, java.version: &amp;apos;11.0.12&amp;apos;
Driver info: org.openqa.selenium.firefox.FirefoxDriver
Command: [null, newSession {capabilities=[Capabilities {acceptInsecureCerts: true, browserName: firefox, moz:debuggerAddress: true, moz:firefoxOptions: {}}], desiredCapabilities=Capabilities {acceptInsecureCerts: true, browserName: firefox, moz:debuggerAddress: true, moz:firefoxOptions: {}}}]">
      <![CDATA[org.openqa.selenium.SessionNotCreatedException: Could not start a new session. Response code 500. Message: Failed to read marionette port
Build info: version: '4.1.3', revision: '7b1ebf28ef'
System info: host: 'DESKTOP-52GUJ27', ip: '192.168.7.58', os.name: 'Windows 10', os.arch: 'amd64', os.version: '10.0', java.version: '11.0.12'
Driver info: org.openqa.selenium.firefox.FirefoxDriver
Command: [null, newSession {capabilities=[Capabilities {acceptInsecureCerts: true, browserName: firefox, moz:debuggerAddress: true, moz:firefoxOptions: {}}], desiredCapabilities=Capabilities {acceptInsecureCerts: true, browserName: firefox, moz:debuggerAddress: true, moz:firefoxOptions: {}}}]
at org.openqa.selenium.remote.ProtocolHandshake.createSession(ProtocolHandshake.java:126)
at org.openqa.selenium.remote.ProtocolHandshake.createSession(ProtocolHandshake.java:84)
at org.openqa.selenium.remote.ProtocolHandshake.createSession(ProtocolHandshake.java:62)
at org.openqa.selenium.remote.HttpCommandExecutor.execute(HttpCommandExecutor.java:156)
at org.openqa.selenium.remote.service.DriverCommandExecutor.invokeExecute(DriverCommandExecutor.java:167)
at org.openqa.selenium.remote.service.DriverCommandExecutor.execute(DriverCommandExecutor.java:142)
at org.openqa.selenium.remote.RemoteWebDriver.execute(RemoteWebDriver.java:567)
at org.openqa.selenium.remote.RemoteWebDriver.startSession(RemoteWebDriver.java:248)
at org.openqa.selenium.remote.RemoteWebDriver.<init>(RemoteWebDriver.java:164)
at org.openqa.selenium.firefox.FirefoxDriver.<init>(FirefoxDriver.java:118)
at org.openqa.selenium.firefox.FirefoxDriver.<init>(FirefoxDriver.java:106)
at org.openqa.selenium.firefox.FirefoxDriver.<init>(FirefoxDriver.java:86)
at kiteWithTestClassNG.KiteTestCrossBrowser.LaunchedBrowser1(KiteTestCrossBrowser.java:45)
at java.base/java.util.ArrayList.forEach(ArrayList.java:1541)
... Removed 25 stack frames]]>
    </failure>
  </testcase> <!-- @BeforeClass LaunchedBrowser1 -->
  <testcase classname="kiteWithTestClassNG.KiteTestCrossBrowser" name="@BeforeMethod LogintoKite1" time="-1.655777006604E9">
    <skipped/>
  </testcase> <!-- @BeforeMethod LogintoKite1 -->
  <testcase classname="kiteWithTestClassNG.KiteTestCrossBrowser" name="@AfterMethod logOutKite1" time="-1.655777006629E9">
    <skipped/>
  </testcase> <!-- @AfterMethod logOutKite1 -->
  <testcase classname="kiteWithTestClassNG.KiteTestCrossBrowser" name="@AfterClass closebrowser1" time="-1.655777006633E9">
    <skipped/>
  </testcase> <!-- @AfterClass closebrowser1 -->
  <testcase classname="kiteWithTestClassNG.KiteTestCrossBrowser" name="validateuserid" time="0.0">
    <skipped/>
  </testcase> <!-- validateuserid -->
</testsuite> <!-- Test1 -->
