<?xml version="1.0" encoding="UTF-8"?>
<testng-results ignored="0" total="1" passed="0" failed="1" skipped="0">
  <reporter-output>
  </reporter-output>
  <suite started-at="2022-06-24T19:30:31 IST" name="Default suite" finished-at="2022-06-24T19:31:08 IST" duration-ms="36695">
    <groups>
    </groups>
    <test started-at="2022-06-24T19:30:31 IST" name="Default test" finished-at="2022-06-24T19:31:08 IST" duration-ms="36695">
      <class name="kiteAppTestClassNG.ValidatesUsingProperties2">
        <test-method is-config="true" signature="launchbrowser()[pri:0, instance:kiteAppTestClassNG.ValidatesUsingProperties2@5824a83d]" started-at="2022-06-24T19:30:31 IST" name="launchbrowser" finished-at="2022-06-24T19:31:00 IST" duration-ms="29035" status="PASS">
          <reporter-output>
          </reporter-output>
        </test-method> <!-- launchbrowser -->
        <test-method is-config="true" signature="logIntoKite()[pri:0, instance:kiteAppTestClassNG.ValidatesUsingProperties2@5824a83d]" started-at="2022-06-24T19:31:00 IST" name="logIntoKite" finished-at="2022-06-24T19:31:01 IST" duration-ms="970" status="PASS">
          <reporter-output>
          </reporter-output>
        </test-method> <!-- logIntoKite -->
        <test-method signature="validateUserId()[pri:0, instance:kiteAppTestClassNG.ValidatesUsingProperties2@5824a83d]" started-at="2022-06-24T19:31:01 IST" name="validateUserId" finished-at="2022-06-24T19:31:05 IST" duration-ms="3514" status="FAIL">
          <exception class="java.lang.AssertionError">
            <message>
              <![CDATA[result is not match TC is fail  expected [MFC743] but found [MFC742]]]>
            </message>
            <full-stacktrace>
              <![CDATA[java.lang.AssertionError: result is not match TC is fail  expected [MFC743] but found [MFC742]
at org.testng.Assert.fail(Assert.java:99)
at org.testng.Assert.failNotEquals(Assert.java:1037)
at org.testng.Assert.assertEqualsImpl(Assert.java:140)
at org.testng.Assert.assertEquals(Assert.java:122)
at org.testng.Assert.assertEquals(Assert.java:629)
at kiteAppTestClassNG.ValidatesUsingProperties2.validateUserId(ValidatesUsingProperties2.java:50)
at java.base/jdk.internal.reflect.NativeMethodAccessorImpl.invoke0(Native Method)
at java.base/jdk.internal.reflect.NativeMethodAccessorImpl.invoke(NativeMethodAccessorImpl.java:62)
at java.base/jdk.internal.reflect.DelegatingMethodAccessorImpl.invoke(DelegatingMethodAccessorImpl.java:43)
at java.base/java.lang.reflect.Method.invoke(Method.java:566)
at org.testng.internal.MethodInvocationHelper.invokeMethod(MethodInvocationHelper.java:133)
at org.testng.internal.TestInvoker.invokeMethod(TestInvoker.java:598)
at org.testng.internal.TestInvoker.invokeTestMethod(TestInvoker.java:173)
at org.testng.internal.MethodRunner.runInSequence(MethodRunner.java:46)
at org.testng.internal.TestInvoker$MethodInvocationAgent.invoke(TestInvoker.java:824)
at org.testng.internal.TestInvoker.invokeTestMethods(TestInvoker.java:146)
at org.testng.internal.TestMethodWorker.invokeTestMethods(TestMethodWorker.java:146)
at org.testng.internal.TestMethodWorker.run(TestMethodWorker.java:128)
at java.base/java.util.ArrayList.forEach(ArrayList.java:1541)
at org.testng.TestRunner.privateRun(TestRunner.java:794)
at org.testng.TestRunner.run(TestRunner.java:596)
at org.testng.SuiteRunner.runTest(SuiteRunner.java:377)
at org.testng.SuiteRunner.runSequentially(SuiteRunner.java:371)
at org.testng.SuiteRunner.privateRun(SuiteRunner.java:332)
at org.testng.SuiteRunner.run(SuiteRunner.java:276)
at org.testng.SuiteRunnerWorker.runSuite(SuiteRunnerWorker.java:53)
at org.testng.SuiteRunnerWorker.run(SuiteRunnerWorker.java:96)
at org.testng.TestNG.runSuitesSequentially(TestNG.java:1212)
at org.testng.TestNG.runSuitesLocally(TestNG.java:1134)
at org.testng.TestNG.runSuites(TestNG.java:1063)
at org.testng.TestNG.run(TestNG.java:1031)
at org.testng.remote.AbstractRemoteTestNG.run(AbstractRemoteTestNG.java:115)
at org.testng.remote.RemoteTestNG.initAndRun(RemoteTestNG.java:251)
at org.testng.remote.RemoteTestNG.main(RemoteTestNG.java:77)
]]>
            </full-stacktrace>
          </exception> <!-- java.lang.AssertionError -->
          <reporter-output>
          </reporter-output>
        </test-method> <!-- validateUserId -->
        <test-method is-config="true" signature="logOutKite()[pri:0, instance:kiteAppTestClassNG.ValidatesUsingProperties2@5824a83d]" started-at="2022-06-24T19:31:05 IST" name="logOutKite" finished-at="2022-06-24T19:31:07 IST" duration-ms="2087" status="PASS">
          <reporter-output>
          </reporter-output>
        </test-method> <!-- logOutKite -->
        <test-method is-config="true" signature="closeBrowser()[pri:0, instance:kiteAppTestClassNG.ValidatesUsingProperties2@5824a83d]" started-at="2022-06-24T19:31:07 IST" name="closeBrowser" finished-at="2022-06-24T19:31:08 IST" duration-ms="553" status="PASS">
          <reporter-output>
          </reporter-output>
        </test-method> <!-- closeBrowser -->
      </class> <!-- kiteAppTestClassNG.ValidatesUsingProperties2 -->
    </test> <!-- Default test -->
  </suite> <!-- Default suite -->
</testng-results>
